Determining if files pthread.h exist passed with the following output:
Change Dir: /home/caseyb/Dropbox/education/projects/COW_U/bin/CMakeFiles/CMakeTmp

Run Build Command:/usr/bin/make "cmTryCompileExec4154600841/fast"
/usr/bin/make -f CMakeFiles/cmTryCompileExec4154600841.dir/build.make CMakeFiles/cmTryCompileExec4154600841.dir/build
make[1]: Entering directory `/home/caseyb/Dropbox/education/projects/COW_U/bin/CMakeFiles/CMakeTmp'
/usr/bin/cmake -E cmake_progress_report /home/caseyb/Dropbox/education/projects/COW_U/bin/CMakeFiles/CMakeTmp/CMakeFiles 1
Building C object CMakeFiles/cmTryCompileExec4154600841.dir/CheckIncludeFiles.c.o
/usr/bin/cc    -o CMakeFiles/cmTryCompileExec4154600841.dir/CheckIncludeFiles.c.o   -c /home/caseyb/Dropbox/education/projects/COW_U/bin/CMakeFiles/CMakeTmp/CheckIncludeFiles.c
Linking C executable cmTryCompileExec4154600841
/usr/bin/cmake -E cmake_link_script CMakeFiles/cmTryCompileExec4154600841.dir/link.txt --verbose=1
/usr/bin/cc       CMakeFiles/cmTryCompileExec4154600841.dir/CheckIncludeFiles.c.o  -o cmTryCompileExec4154600841 -rdynamic 
make[1]: Leaving directory `/home/caseyb/Dropbox/education/projects/COW_U/bin/CMakeFiles/CMakeTmp'


Determining if the function pthread_create exists in the pthread passed with the following output:
Change Dir: /home/caseyb/Dropbox/education/projects/COW_U/bin/CMakeFiles/CMakeTmp

Run Build Command:/usr/bin/make "cmTryCompileExec2382263263/fast"
/usr/bin/make -f CMakeFiles/cmTryCompileExec2382263263.dir/build.make CMakeFiles/cmTryCompileExec2382263263.dir/build
make[1]: Entering directory `/home/caseyb/Dropbox/education/projects/COW_U/bin/CMakeFiles/CMakeTmp'
/usr/bin/cmake -E cmake_progress_report /home/caseyb/Dropbox/education/projects/COW_U/bin/CMakeFiles/CMakeTmp/CMakeFiles 1
Building C object CMakeFiles/cmTryCompileExec2382263263.dir/CheckFunctionExists.c.o
/usr/bin/cc   -DCHECK_FUNCTION_EXISTS=pthread_create   -o CMakeFiles/cmTryCompileExec2382263263.dir/CheckFunctionExists.c.o   -c /usr/share/cmake-2.8/Modules/CheckFunctionExists.c
Linking C executable cmTryCompileExec2382263263
/usr/bin/cmake -E cmake_link_script CMakeFiles/cmTryCompileExec2382263263.dir/link.txt --verbose=1
/usr/bin/cc   -DCHECK_FUNCTION_EXISTS=pthread_create    CMakeFiles/cmTryCompileExec2382263263.dir/CheckFunctionExists.c.o  -o cmTryCompileExec2382263263 -rdynamic -lpthread 
make[1]: Leaving directory `/home/caseyb/Dropbox/education/projects/COW_U/bin/CMakeFiles/CMakeTmp'


